This is e-pTeX, Version 3.14159265-p3.7-160201-2.6 (utf8.euc) (TeX Live 2016) (preloaded format=platex 2016.10.20)  22 JUN 2018 10:17
entering extended mode
 restricted \write18 enabled.
 file:line:error style messages enabled.
 %&-line parsing enabled.
**report1.tex
(./report1.tex
pLaTeX2e <2016/05/07> (based on LaTeX2e <2016/03/31>)
Babel <3.9r> and hyphenation patterns for 83 language(s) loaded.
(/usr/local/texlive/2016/texmf-dist/tex/platex/jsclasses/jsarticle.cls
Document Class: jsarticle 2014/02/07 okumura
LaTeX Info: Redefining \rmfamily on input line 352.
LaTeX Info: Redefining \sffamily on input line 355.
LaTeX Info: Redefining \ttfamily on input line 358.
\symmincho=\mathgroup4
LaTeX Font Info:    Overwriting symbol font `mincho' in version `bold'
(Font)                  JY1/mc/m/n --> JY1/gt/m/n on input line 423.
LaTeX Font Info:    Font shape `JT1/mc/m/n' will be
(Font)              scaled to size 9.60999pt on input line 613.
LaTeX Font Info:    Font shape `JY1/mc/m/n' will be
(Font)              scaled to size 9.60999pt on input line 613.
\fullwidth=\dimen118
LaTeX Font Info:    Font shape `JT1/mc/m/n' will be
(Font)              scaled to size 7.68799pt on input line 760.
LaTeX Font Info:    Font shape `JY1/mc/m/n' will be
(Font)              scaled to size 7.68799pt on input line 760.
\c@part=\count81
\c@section=\count82
\c@subsection=\count83
\c@subsubsection=\count84
\c@paragraph=\count85
\c@subparagraph=\count86
\@abstractbox=\box41
\c@figure=\count87
\c@table=\count88
\abovecaptionskip=\skip41
\belowcaptionskip=\skip42
\js@tocl@width=\dimen119
\@lnumwidth=\dimen120
\bibindent=\dimen121
LaTeX Info: Redefining \TeX on input line 1731.
LaTeX Info: Redefining \LaTeX on input line 1757.
LaTeX Info: Redefining \LaTeXe on input line 1782.
\heisei=\count89
) (/usr/local/texlive/2016/texmf-dist/tex/latex/graphics/graphicx.sty
Package: graphicx 2014/10/28 v1.0g Enhanced LaTeX Graphics (DPC,SPQR)

(/usr/local/texlive/2016/texmf-dist/tex/latex/graphics/keyval.sty
Package: keyval 2014/10/28 v1.15 key=value parser (DPC)
\KV@toks@=\toks15
)
(/usr/local/texlive/2016/texmf-dist/tex/latex/graphics/graphics.sty
Package: graphics 2016/05/09 v1.0r Standard LaTeX Graphics (DPC,SPQR)

(/usr/local/texlive/2016/texmf-dist/tex/latex/graphics/trig.sty
Package: trig 2016/01/03 v1.10 sin cos tan (DPC)
)
(/usr/local/texlive/2016/texmf-dist/tex/latex/graphics-cfg/graphics.cfg
File: graphics.cfg 2016/01/02 v1.10 sample graphics configuration
)
Package graphics Info: Driver file: dvips.def on input line 96.

(/usr/local/texlive/2016/texmf-dist/tex/latex/graphics/dvips.def
File: dvips.def 2015/12/30 v3.0k Driver-dependent file (DPC,SPQR)
))
\Gin@req@height=\dimen122
\Gin@req@width=\dimen123
)
(/usr/local/texlive/2016/texmf-dist/tex/latex/graphics/color.sty
Package: color 2016/05/09 v1.1c Standard LaTeX Color (DPC)

(/usr/local/texlive/2016/texmf-dist/tex/latex/graphics-cfg/color.cfg
File: color.cfg 2016/01/02 v1.6 sample color configuration
)
Package color Info: Driver file: dvips.def on input line 144.

(/usr/local/texlive/2016/texmf-dist/tex/latex/graphics/dvipsnam.def
File: dvipsnam.def 2015/12/30 v3.0k Driver-dependent file (DPC,SPQR)
))
(/usr/local/texlive/2016/texmf-dist/tex/latex/amsmath/amsmath.sty
Package: amsmath 2016/03/10 v2.15b AMS math features
\@mathmargin=\skip43

For additional information on amsmath, use the `?' option.
(/usr/local/texlive/2016/texmf-dist/tex/latex/amsmath/amstext.sty
Package: amstext 2000/06/29 v2.01 AMS text

(/usr/local/texlive/2016/texmf-dist/tex/latex/amsmath/amsgen.sty
File: amsgen.sty 1999/11/30 v2.0 generic functions
\@emptytoks=\toks16
\ex@=\dimen124
))
(/usr/local/texlive/2016/texmf-dist/tex/latex/amsmath/amsbsy.sty
Package: amsbsy 1999/11/29 v1.2d Bold Symbols
\pmbraise@=\dimen125
)
(/usr/local/texlive/2016/texmf-dist/tex/latex/amsmath/amsopn.sty
Package: amsopn 2016/03/08 v2.02 operator names
)
\inf@bad=\count90
LaTeX Info: Redefining \frac on input line 199.
\uproot@=\count91
\leftroot@=\count92
LaTeX Info: Redefining \overline on input line 297.
\classnum@=\count93
\DOTSCASE@=\count94
LaTeX Info: Redefining \ldots on input line 394.
LaTeX Info: Redefining \dots on input line 397.
LaTeX Info: Redefining \cdots on input line 518.
\Mathstrutbox@=\box42
\strutbox@=\box43
\big@size=\dimen126
LaTeX Font Info:    Redeclaring font encoding OML on input line 634.
LaTeX Font Info:    Redeclaring font encoding OMS on input line 635.
\macc@depth=\count95
\c@MaxMatrixCols=\count96
\dotsspace@=\muskip10
\c@parentequation=\count97
\dspbrk@lvl=\count98
\tag@help=\toks17
\row@=\count99
\column@=\count100
\maxfields@=\count101
\andhelp@=\toks18
\eqnshift@=\dimen127
\alignsep@=\dimen128
\tagshift@=\dimen129
\tagwidth@=\dimen130
\totwidth@=\dimen131
\lineht@=\dimen132
\@envbody=\toks19
\multlinegap=\skip44
\multlinetaggap=\skip45
\mathdisplay@stack=\toks20
LaTeX Info: Redefining \[ on input line 2739.
LaTeX Info: Redefining \] on input line 2740.
)
(/usr/local/texlive/2016/texmf-dist/tex/latex/amsfonts/amssymb.sty
Package: amssymb 2013/01/14 v3.01 AMS font symbols

(/usr/local/texlive/2016/texmf-dist/tex/latex/amsfonts/amsfonts.sty
Package: amsfonts 2013/01/14 v3.01 Basic AMSFonts support
\symAMSa=\mathgroup5
\symAMSb=\mathgroup6
LaTeX Font Info:    Overwriting math alphabet `\mathfrak' in version `bold'
(Font)                  U/euf/m/n --> U/euf/b/n on input line 106.
))
(/usr/local/texlive/2016/texmf-dist/tex/latex/here/here.sty)
(/usr/local/texlive/2016/texmf-dist/tex/latex/float/float.sty
Package: float 2001/11/08 v1.3d Float enhancements (AL)
\c@float@type=\count102
\float@exts=\toks21
\float@box=\box44
\@float@everytoks=\toks22
\@floatcapt=\box45
)

LaTeX Warning: Unused global option(s):
    [10.5pt].

(./report1.aux)
\openout1 = `report1.aux'.

LaTeX Font Info:    Checking defaults for OML/cmm/m/it on input line 7.
LaTeX Font Info:    ... okay on input line 7.
LaTeX Font Info:    Checking defaults for T1/cmr/m/n on input line 7.
LaTeX Font Info:    ... okay on input line 7.
LaTeX Font Info:    Checking defaults for OT1/cmr/m/n on input line 7.
LaTeX Font Info:    ... okay on input line 7.
LaTeX Font Info:    Checking defaults for OMS/cmsy/m/n on input line 7.
LaTeX Font Info:    ... okay on input line 7.
LaTeX Font Info:    Checking defaults for OMX/cmex/m/n on input line 7.
LaTeX Font Info:    ... okay on input line 7.
LaTeX Font Info:    Checking defaults for U/cmr/m/n on input line 7.
LaTeX Font Info:    ... okay on input line 7.
LaTeX Font Info:    Checking defaults for JY1/mc/m/n on input line 7.
LaTeX Font Info:    ... okay on input line 7.
LaTeX Font Info:    Checking defaults for JT1/mc/m/n on input line 7.
LaTeX Font Info:    ... okay on input line 7.
LaTeX Font Info:    Font shape `JT1/mc/m/n' will be
(Font)              scaled to size 13.83836pt on input line 8.
LaTeX Font Info:    Font shape `JY1/mc/m/n' will be
(Font)              scaled to size 13.83836pt on input line 8.
LaTeX Font Info:    Font shape `JT1/gt/m/n' will be
(Font)              scaled to size 13.83836pt on input line 8.
LaTeX Font Info:    Font shape `JY1/gt/m/n' will be
(Font)              scaled to size 13.83836pt on input line 8.
LaTeX Font Info:    Font shape `JT1/mc/m/n' will be
(Font)              scaled to size 11.53198pt on input line 9.
LaTeX Font Info:    Font shape `JY1/mc/m/n' will be
(Font)              scaled to size 11.53198pt on input line 9.
LaTeX Font Info:    Font shape `JT1/gt/m/n' will be
(Font)              scaled to size 11.53198pt on input line 9.
LaTeX Font Info:    Font shape `JY1/gt/m/n' will be
(Font)              scaled to size 11.53198pt on input line 9.
LaTeX Font Info:    Font shape `JT1/mc/m/n' will be
(Font)              scaled to size 8.64899pt on input line 13.
LaTeX Font Info:    Font shape `JY1/mc/m/n' will be
(Font)              scaled to size 8.64899pt on input line 13.
LaTeX Font Info:    Font shape `JY1/mc/m/n' will be
(Font)              scaled to size 6.72699pt on input line 14.
LaTeX Font Info:    Font shape `JY1/mc/m/n' will be
(Font)              scaled to size 4.805pt on input line 14.
LaTeX Font Info:    Try loading font information for U+msa on input line 14.
 (/usr/local/texlive/2016/texmf-dist/tex/latex/amsfonts/umsa.fd
File: umsa.fd 2013/01/14 v3.01 AMS symbols A
)
LaTeX Font Info:    Try loading font information for U+msb on input line 14.
(/usr/local/texlive/2016/texmf-dist/tex/latex/amsfonts/umsb.fd
File: umsb.fd 2013/01/14 v3.01 AMS symbols B
)
Overfull \hbox (4.83528pt too wide) in paragraph at lines 14--21
[][][][] 
 []

File: results/CorrectResultFigureA.png Graphic file (type eps)
<results/CorrectResultFigureA.png>
Overfull \hbox (175.70935pt too wide) in paragraph at lines 28--29
 [][] 
 []

File: results/NearestneighborResultFigureA.png Graphic file (type eps)
<results/NearestneighborResultFigureA.png>
Overfull \hbox (173.05829pt too wide) in paragraph at lines 37--39
 [][] 
 []

File: results/EuclideandistanceResultFigureA.png Graphic file (type eps)
<results/EuclideandistanceResultFigureA.png>
Overfull \hbox (200.24298pt too wide) in paragraph at lines 43--45
 [][] 
 []


Overfull \hbox (42.518pt too wide) in paragraph at lines 34--47
 [][][][] 
 []

[1

]
File: results/WeightdistanceResultFigureA.png Graphic file (type eps)
 <results/WeightdistanceResultFigureA.png>
Overfull \hbox (173.05829pt too wide) in paragraph at lines 54--56
 [][] 
 []

File: results/SimilarityResultFigureA.png Graphic file (type eps)
<results/SimilarityResultFigureA.png>
Overfull \hbox (200.24298pt too wide) in paragraph at lines 60--62
 [][] 
 []


Overfull \hbox (42.518pt too wide) in paragraph at lines 51--64
 [][][][] 
 []

LaTeX Font Info:    Font shape `JT1/mc/bx/n' in size <10> not available
(Font)              Font shape `JT1/gt/m/n' tried instead on input line 68.
LaTeX Font Info:    Font shape `JT1/gt/m/n' will be
(Font)              scaled to size 9.60999pt on input line 68.
LaTeX Font Info:    Font shape `JY1/mc/bx/n' in size <10> not available
(Font)              Font shape `JY1/gt/m/n' tried instead on input line 68.
LaTeX Font Info:    Font shape `JY1/gt/m/n' will be
(Font)              scaled to size 9.60999pt on input line 68.

Overfull \hbox (2.05757pt too wide) in paragraph at lines 80--87
[][][][] 
 []

[2]
File: results/CorrectResultFigureB.png Graphic file (type eps)
 <results/CorrectResultFigureB.png>
Overfull \hbox (286.67493pt too wide) in paragraph at lines 91--92
 [][] 
 []

File: results/NearestneighborResultFigureB.png Graphic file (type eps)
<results/NearestneighborResultFigureB.png>
Overfull \hbox (173.05829pt too wide) in paragraph at lines 100--102
 [][] 
 []

File: results/EuclideandistanceResultFigureB.png Graphic file (type eps)
<results/EuclideandistanceResultFigureB.png>
Overfull \hbox (200.24298pt too wide) in paragraph at lines 106--108
 [][] 
 []


Overfull \hbox (42.518pt too wide) in paragraph at lines 97--110
 [][][][] 
 []

File: results/WeightdistanceResultFigureB.png Graphic file (type eps)
<results/WeightdistanceResultFigureB.png>
Overfull \hbox (173.05829pt too wide) in paragraph at lines 116--118
 [][] 
 []

File: results/SimilarityResultFigureB.png Graphic file (type eps)
<results/SimilarityResultFigureB.png>
Overfull \hbox (200.24298pt too wide) in paragraph at lines 122--124
 [][] 
 []


Overfull \hbox (42.518pt too wide) in paragraph at lines 113--126
 [][][][] 
 []

[3] [4]
Overfull \hbox (8.30742pt too wide) in paragraph at lines 135--142
[][][][] 
 []

File: results/CorrectResultFigureC.png Graphic file (type eps)
<results/CorrectResultFigureC.png>
Overfull \hbox (286.67493pt too wide) in paragraph at lines 146--147
 [][] 
 []

File: results/NearestneighborResultFigureC.png Graphic file (type eps)
<results/NearestneighborResultFigureC.png>
Overfull \hbox (173.05829pt too wide) in paragraph at lines 155--157
 [][] 
 []

File: results/EuclideandistanceResultFigureC.png Graphic file (type eps)
<results/EuclideandistanceResultFigureC.png>
Overfull \hbox (200.24298pt too wide) in paragraph at lines 161--163
 [][] 
 []


Overfull \hbox (42.518pt too wide) in paragraph at lines 152--165
 [][][][] 
 []

File: results/WeightdistanceResultFigureC.png Graphic file (type eps)
<results/WeightdistanceResultFigureC.png>
Overfull \hbox (173.05829pt too wide) in paragraph at lines 171--173
 [][] 
 []

File: results/SimilarityResultFigureC.png Graphic file (type eps)
<results/SimilarityResultFigureC.png>
Overfull \hbox (200.24298pt too wide) in paragraph at lines 177--179
 [][] 
 []


Overfull \hbox (42.518pt too wide) in paragraph at lines 168--181
 [][][][] 
 []

[5

] [6]
Overfull \hbox (7.61299pt too wide) in paragraph at lines 189--196
[][][][] 
 []

File: results/CorrectResultFigureD.png Graphic file (type eps)
<results/CorrectResultFigureD.png>
Overfull \hbox (286.67493pt too wide) in paragraph at lines 200--201
 [][] 
 []

File: results/NearestneighborResultFigureD.png Graphic file (type eps)
<results/NearestneighborResultFigureD.png>
Overfull \hbox (173.05829pt too wide) in paragraph at lines 209--211
 [][] 
 []

File: results/EuclideandistanceResultFigureD.png Graphic file (type eps)
<results/EuclideandistanceResultFigureD.png>
Overfull \hbox (200.24298pt too wide) in paragraph at lines 215--217
 [][] 
 []


Overfull \hbox (42.518pt too wide) in paragraph at lines 206--219
 [][][][] 
 []

File: results/WeightdistanceResultFigureD.png Graphic file (type eps)
<results/WeightdistanceResultFigureD.png>
Overfull \hbox (173.05829pt too wide) in paragraph at lines 225--227
 [][] 
 []

File: results/SimilarityResultFigureD.png Graphic file (type eps)
<results/SimilarityResultFigureD.png>
Overfull \hbox (200.24298pt too wide) in paragraph at lines 231--233
 [][] 
 []


Overfull \hbox (42.518pt too wide) in paragraph at lines 222--235
 [][][][] 
 []

[7

]
File: results/WeightdistanceResultFigureA.png Graphic file (type eps)
 <results/WeightdistanceResultFigureA.png>
Overfull \hbox (173.05829pt too wide) in paragraph at lines 253--255
 [][] 
 []

File: results/Weight(1,20)ResultFigureA.png Graphic file (type eps)
<results/Weight(1,20)ResultFigureA.png>
Overfull \hbox (200.24298pt too wide) in paragraph at lines 259--261
 [][] 
 []


Overfull \hbox (42.518pt too wide) in paragraph at lines 250--263
 [][][][] 
 []

[8] [9] (./report1.aux) ) 
Here is how much of TeX's memory you used:
 1912 strings out of 493693
 23843 string characters out of 6149786
 82201 words of memory out of 5000000
 5453 multiletter control sequences out of 15000+600000
 13758 words of font info for 64 fonts, out of 8000000 for 9000
 934 hyphenation exceptions out of 8191
 27i,12n,26p,220b,381s stack positions out of 5000i,500n,10000p,200000b,80000s

Output written on report1.dvi (9 pages, 14752 bytes).
